<?xml version="1.0" encoding="UTF-8"?>
<testsuite name="raisetech.student.management.repository.StudentRepositoryTest" tests="1" skipped="0" failures="0" errors="0" timestamp="2024-09-05T15:14:32" hostname="itouakiratarounoMacBook-Pro.local" time="0.687">
  <properties/>
  <testcase name="受講生コース情報のコース名の更新が行えること()" classname="raisetech.student.management.repository.StudentRepositoryTest" time="0.687"/>
  <system-out><![CDATA[00:14:31.557 [Test worker] INFO org.springframework.test.context.support.AnnotationConfigContextLoaderUtils -- Could not detect default configuration classes for test class [raisetech.student.management.repository.StudentRepositoryTest]: StudentRepositoryTest does not declare any static, non-private, non-final, nested classes annotated with @Configuration.
00:14:31.641 [Test worker] INFO org.springframework.boot.test.context.SpringBootTestContextBootstrapper -- Found @SpringBootConfiguration raisetech.student.management.Application for test class raisetech.student.management.repository.StudentRepositoryTest

  .   ____          _            __ _ _
 /\\ / ___'_ __ _ _(_)_ __  __ _ \ \ \ \
( ( )\___ | '_ | '_| | '_ \/ _` | \ \ \ \
 \\/  ___)| |_)| | | | | || (_| |  ) ) ) )
  '  |____| .__|_| |_|_| |_\__, | / / / /
 =========|_|==============|___/=/_/_/_/
 :: Spring Boot ::                (v3.2.4)

2024-09-06T00:14:31.888+09:00  INFO 68883 --- [student.management] [    Test worker] r.s.m.repository.StudentRepositoryTest   : Starting StudentRepositoryTest using Java 21.0.4 with PID 68883 (started by itokotaro in /Users/itokotaro/Desktop/IdeaProjects/StudentManagement)
2024-09-06T00:14:31.889+09:00  INFO 68883 --- [student.management] [    Test worker] r.s.m.repository.StudentRepositoryTest   : No active profile set, falling back to 1 default profile: "default"
2024-09-06T00:14:32.149+09:00  INFO 68883 --- [student.management] [    Test worker] beddedDataSourceBeanFactoryPostProcessor : Replacing 'dataSource' DataSource bean with embedded version
2024-09-06T00:14:32.305+09:00  INFO 68883 --- [student.management] [    Test worker] o.s.j.d.e.EmbeddedDatabaseFactory        : Starting embedded database: url='jdbc:h2:mem:9ce8b7b7-1573-4499-b8b3-d3b86d8a1317;DB_CLOSE_DELAY=-1;DB_CLOSE_ON_EXIT=false', username='sa'
2024-09-06T00:14:32.650+09:00  INFO 68883 --- [student.management] [    Test worker] r.s.m.repository.StudentRepositoryTest   : Started StudentRepositoryTest in 0.951 seconds (process running for 1.794)
]]></system-out>
  <system-err><![CDATA[WARNING: A Java agent has been loaded dynamically (/Users/itokotaro/.gradle/caches/modules-2/files-2.1/net.bytebuddy/byte-buddy-agent/1.14.12/be4984cb6fd1ef1d11f218a648889dfda44b8a15/byte-buddy-agent-1.14.12.jar)
WARNING: If a serviceability tool is in use, please run with -XX:+EnableDynamicAgentLoading to hide this warning
WARNING: If a serviceability tool is not in use, please run with -Djdk.instrument.traceUsage for more information
WARNING: Dynamic loading of agents will be disallowed by default in a future release
]]></system-err>
</testsuite>
