<?xml version="1.0" encoding="UTF-8"?>
<testsuite name="raisetech.student.management.service.StudentServiceTest" tests="10" skipped="0" failures="0" errors="0" timestamp="2024-09-13T15:36:02" hostname="itouakiratarounoMacBook-Pro.local" time="1.426">
  <properties/>
  <testcase name="受講生コース詳細の一覧検索＿引数に応じて適切に条件検索が行われること()" classname="raisetech.student.management.service.StudentServiceTest" time="1.191"/>
  <testcase name="受講生詳細の登録＿初期化処理が行われること()" classname="raisetech.student.management.service.StudentServiceTest" time="0.011"/>
  <testcase name="受講生詳細の検索＿リポジトリの処理が適切に呼び出せていること()" classname="raisetech.student.management.service.StudentServiceTest" time="0.012"/>
  <testcase name="コース申込状況の更新＿リポジトリの処理を適切に呼び出せていること()" classname="raisetech.student.management.service.StudentServiceTest" time="0.018"/>
  <testcase name="受講生詳細の更新＿リポジトリの処理が適切に呼び出せていること()" classname="raisetech.student.management.service.StudentServiceTest" time="0.009"/>
  <testcase name="受講生詳細の一覧検索＿条件に応じてフィルタリングが行われること()" classname="raisetech.student.management.service.StudentServiceTest" time="0.02"/>
  <testcase name="受講生コース詳細の検索＿存在しない受講生コースIDを入力した場合に例外がスローされること()" classname="raisetech.student.management.service.StudentServiceTest" time="0.014"/>
  <testcase name="受講生詳細の一覧検索＿検索条件が指定されていない場合に全件取得が行われること()" classname="raisetech.student.management.service.StudentServiceTest" time="0.101"/>
  <testcase name="受講生コース情報の検索＿受講生コースIDに紐づくコース申込状況と受講生情報が返ってくること()" classname="raisetech.student.management.service.StudentServiceTest" time="0.006"/>
  <testcase name="受講生詳細の登録＿リポジトリの処理が適切に呼び出せている上に受講生コース情報の初期情報が登録されてコースの申込状況がインスタンス化されること()" classname="raisetech.student.management.service.StudentServiceTest" time="0.013"/>
  <system-out><![CDATA[]]></system-out>
  <system-err><![CDATA[WARNING: A Java agent has been loaded dynamically (/Users/itokotaro/.gradle/caches/modules-2/files-2.1/net.bytebuddy/byte-buddy-agent/1.14.12/be4984cb6fd1ef1d11f218a648889dfda44b8a15/byte-buddy-agent-1.14.12.jar)
WARNING: If a serviceability tool is in use, please run with -XX:+EnableDynamicAgentLoading to hide this warning
WARNING: If a serviceability tool is not in use, please run with -Djdk.instrument.traceUsage for more information
WARNING: Dynamic loading of agents will be disallowed by default in a future release
]]></system-err>
</testsuite>
